<?xml version="1.0" encoding="UTF-8"?>
<testsuite name="problems.LargestPalindromeProductTest" tests="1" skipped="0" failures="0" errors="0" timestamp="2022-08-16T15:31:15" hostname="LIS-C-0011J" time="0.15">
  <properties/>
  <testcase name="test()" classname="problems.LargestPalindromeProductTest" time="0.15"/>
  <system-out><![CDATA[]]></system-out>
  <system-err><![CDATA[]]></system-err>
</testsuite>
