<?xml version="1.0" encoding="UTF-8"?>
<testsuite name="problems.MultiplesOf3And5Test" tests="1" skipped="0" failures="0" errors="0" timestamp="2022-08-16T15:03:13" hostname="LIS-C-0011J" time="0.001">
  <properties/>
  <testcase name="test()" classname="problems.MultiplesOf3And5Test" time="0.001"/>
  <system-out><![CDATA[]]></system-out>
  <system-err><![CDATA[]]></system-err>
</testsuite>
