<?xml version="1.0" encoding="UTF-8"?>
<testsuite name="helpers.LongExtensionsTest" tests="4" skipped="0" failures="0" errors="0" timestamp="2022-08-16T15:03:12" hostname="LIS-C-0011J" time="0.039">
  <properties/>
  <testcase name="is 13469 prime()" classname="helpers.LongExtensionsTest" time="0.027"/>
  <testcase name="is 13 prime()" classname="helpers.LongExtensionsTest" time="0.001"/>
  <testcase name="is 7191 multiple of 600851475143()" classname="helpers.LongExtensionsTest" time="0.001"/>
  <testcase name="is 10 prime()" classname="helpers.LongExtensionsTest" time="0.001"/>
  <system-out><![CDATA[]]></system-out>
  <system-err><![CDATA[]]></system-err>
</testsuite>
