<?xml version="1.0" encoding="UTF-8"?>
<testsuite name="problems.LargestPrimeFactorTest" tests="1" skipped="0" failures="0" errors="0" timestamp="2022-08-16T14:57:37" hostname="LIS-C-0011J" time="0.146">
  <properties/>
  <testcase name="test()" classname="problems.LargestPrimeFactorTest" time="0.146"/>
  <system-out><![CDATA[]]></system-out>
  <system-err><![CDATA[]]></system-err>
</testsuite>
