<?xml version="1.0" encoding="UTF-8"?>
<testsuite name="helpers.LongExtensionsTest" tests="4" skipped="0" failures="0" errors="0" timestamp="2022-08-16T14:57:37" hostname="LIS-C-0011J" time="0.038">
  <properties/>
  <testcase name="is 600851475143 divisible by 7191()" classname="helpers.LongExtensionsTest" time="0.024"/>
  <testcase name="is 13469 prime()" classname="helpers.LongExtensionsTest" time="0.004"/>
  <testcase name="is 13 prime()" classname="helpers.LongExtensionsTest" time="0.001"/>
  <testcase name="is 10 prime()" classname="helpers.LongExtensionsTest" time="0.0"/>
  <system-out><![CDATA[]]></system-out>
  <system-err><![CDATA[]]></system-err>
</testsuite>
